<?xml version="1.0" encoding="UTF-8"?>
<!-- Generated by org.testng.reporters.JUnitReportReporter -->
<testsuite hostname="DESKTOP-0QFFCOH" failures="0" tests="4" name="api.test.UserTests" time="2.467" errors="0" timestamp="2023-06-12T21:08:15 EDT" skipped="0">
  <testcase classname="api.test.UserTests" name="testPostUser" time="1.965"/>
  <system-out/>
  <testcase classname="api.test.UserTests" name="testGetUser" time="0.195"/>
  <system-out/>
  <testcase classname="api.test.UserTests" name="testUpdateUser" time="0.230"/>
  <system-out/>
  <testcase classname="api.test.UserTests" name="testDeleteUser" time="0.077"/>
  <system-out/>
</testsuite> <!-- api.test.UserTests -->
