<?xml version="1.0" encoding="UTF-8"?>
<!-- Generated by org.testng.reporters.JUnitReportReporter -->
<testsuite hostname="DESKTOP-0QFFCOH" failures="0" tests="4" name="api.test.UserTests" time="2.705" errors="0" timestamp="2023-06-13T07:18:45 EDT" skipped="0">
  <testcase classname="api.test.UserTests" name="testPostUser" time="2.248"/>
  <system-out/>
  <testcase classname="api.test.UserTests" name="testGetUser" time="0.158"/>
  <system-out/>
  <testcase classname="api.test.UserTests" name="testUpdateUser" time="0.209"/>
  <system-out/>
  <testcase classname="api.test.UserTests" name="testDeleteUser" time="0.090"/>
  <system-out/>
</testsuite> <!-- api.test.UserTests -->
